🧠 2025-07-19T12:16:22 | BTC/USDT
  L1: 0
  L2: -1
  L3: 0
  L4: 0
  L5: 0
  L6: 0
  L7: 0
🧮 MACD Score: -1
----------------------------------------
🧠 2025-07-19T12:16:25 | ETH/USDT
  L1: 0
  L2: 0
  L3: 0
  L4: 0
  L5: 0
  L6: 0
  L7: 0
🧮 MACD Score: 0
----------------------------------------
🧠 2025-07-19T12:20:28 | BTC/USDT
  L1: 0
  L2: 0
  L3: 0
  L4: 0
  L5: 0
  L6: 0
  L7: 0
🧮 MACD Score: 0
----------------------------------------
🧠 2025-07-19T12:33:16 | BTC/USDT
  L1: 0
  L2: 0
  L3: 0
  L4: 0
  L5: 0
  L6: 0
  L7: 0
🧮 MACD Score: 0
----------------------------------------
🧠 2025-07-19T12:33:16 | ETH/USDT
  L1: 0
  L2: 0
  L3: 0
  L4: 0
  L5: 0
  L6: 0
  L7: 0
🧮 MACD Score: 0
----------------------------------------
🧠 2025-07-19T12:36:19 | BTC/USDT
  L1: 0
  L2: 0
  L3: 0
  L4: 0
  L5: 0
  L6: 0
  L7: 0
🧮 MACD Score: 0
----------------------------------------
🧠 2025-07-19T12:36:19 | ETH/USDT
  L1: 0
  L2: 0
  L3: 0
  L4: 0
  L5: 0
  L6: 0
  L7: 0
🧮 MACD Score: 0
----------------------------------------
🧠 2025-07-19T14:23:46 | BTC/USDT
  L1: 0
  L2: 0
  L3: 0
  L4: 0
  L5: 0
  L6: 0
  L7: 0
🧮 MACD Score: 0
----------------------------------------
🧠 2025-07-19T14:23:49 | ETH/USDT
  L1: 0
  L2: 0
  L3: 0
  L4: 0
  L5: 0
  L6: 0
  L7: 0
🧮 MACD Score: 0
----------------------------------------
🧠 2025-07-19T14:26:06 | ETH/USDT
  L1: 0
  L2: -1
  L3: 0
  L4: 0
  L5: 0
  L6: 0
  L7: 0
🧮 MACD Score: -1
----------------------------------------
🧠 2025-07-19T14:31:00 | ETH/USDT
  L1: 0
  L2: 0
  L3: 0
  L4: 0
  L5: 0
  L6: 0
  L7: 0
🧮 MACD Score: 0
----------------------------------------
🧠 2025-07-19T14:51:37 | BTC/USDT
  L1: 0
  L2: 0
  L3: 0
  L4: 0
  L5: 0
  L6: 0
  L7: 0
🧮 MACD Score: 0
----------------------------------------
🧠 2025-07-19T14:51:39 | ETH/USDT
  L1: 0
  L2: 0
  L3: 0
  L4: 0
  L5: 0
  L6: 0
  L7: 0
🧮 MACD Score: 0
----------------------------------------
🧠 2025-07-20T13:42:03 | BTC/USDT
  L1: 0
  L2: 0
  L3: 0
  L4: 0
  L5: 0
  L6: 0
  L7: 0
🧮 MACD Score: 0
----------------------------------------
🧠 2025-07-20T13:42:06 | ETH/USDT
  L1: 0
  L2: -1
  L3: 0
  L4: 0
  L5: 0
  L6: 0
  L7: 0
🧮 MACD Score: -1
----------------------------------------
🧠 2025-07-20T13:42:59 | BTC/USDT
  L1: 0
  L2: 0
  L3: 0
  L4: 0
  L5: 0
  L6: 0
  L7: 0
🧮 MACD Score: 0
----------------------------------------
🧠 2025-07-20T13:43:02 | ETH/USDT
  L1: 0
  L2: -1
  L3: 0
  L4: 0
  L5: 0
  L6: 0
  L7: 0
🧮 MACD Score: -1
----------------------------------------
🧠 2025-07-20T14:15:17 | BTC/USDT
  L1: 0
  L2: 0
  L3: 0
  L4: 0
  L5: 0
  L6: 0
  L7: 0
🧮 MACD Score: 0
----------------------------------------
🧠 2025-07-20T14:15:20 | ETH/USDT
  L1: 0
  L2: 0
  L3: 0
  L4: 0
  L5: 0
  L6: 0
  L7: 0
🧮 MACD Score: 0
----------------------------------------
🧠 2025-07-20T14:23:55 | BTC/USDT
  L1: 0
  L2: 0
  L3: 0
  L4: 0
  L5: 0
  L6: 0
  L7: 0
🧮 MACD Score: 0
----------------------------------------
🧠 2025-07-20T14:23:59 | ETH/USDT
  L1: 0
  L2: 0
  L3: 0
  L4: 0
  L5: 0
  L6: 0
  L7: 0
🧮 MACD Score: 0
----------------------------------------
